<?xml version="1.0" encoding="UTF-8"?>
<!-- Generated by org.testng.reporters.JUnitReportReporter -->
<testsuite hostname="LT-LZ-0230" failures="0" tests="1" name="Sample" time="0.015" errors="0" timestamp="2025-07-19T16:26:09 IST" skipped="0">
  <testcase classname="Sample" name="demo" time="0.015"/>
</testsuite> <!-- Sample -->
